<?xml version="1.0" encoding="UTF-8"?>
<!-- Generated by org.testng.reporters.JUnitXMLReporter -->
<testsuite ignored="0" hostname="NX00483" failures="1" tests="1" name="ChromeTest" time="16.34" errors="0" timestamp="2023-01-04T12:16:00 PKT">
  <testcase classname="Testcases_Package.TestCase_RegisterUser" name="Testcases_ToRegisterUserSuccessfully" time="3.697">
    <failure type="java.lang.AssertionError" message="expected [https://demo.nopcommerce.com/registerresu] but found [https://demo.nopcommerce.com/]">
      <![CDATA[java.lang.AssertionError: expected [https://demo.nopcommerce.com/registerresu] but found [https://demo.nopcommerce.com/]
at Testcases_Package.TestCase_RegisterUser.Testcases_ToRegisterUserSuccessfully(TestCase_RegisterUser.java:24)
at java.base/java.util.concurrent.ThreadPoolExecutor.runWorker(ThreadPoolExecutor.java:1128)
at java.base/java.util.concurrent.ThreadPoolExecutor$Worker.run(ThreadPoolExecutor.java:628)
at java.base/java.lang.Thread.run(Thread.java:834)
... Removed 18 stack frames]]>
    </failure>
  </testcase> <!-- Testcases_ToRegisterUserSuccessfully -->
</testsuite> <!-- ChromeTest -->
