<?xml version="1.0" encoding="UTF-8"?>
<testsuite name="EdgeTest"
           tests="3"
           failures="1"
           errors="0"
           skipped="2"
           time="-3327333970.620">
  <properties />
            <testcase name="beforeMethod" time="-1663666985.301" classname="Testcases_Package.TestCase_AboutUSPage">
                <failure type="org.testng.TestNGException"
                  message="
Can inject only one of &lt;ITestContext, XmlTest, Method, Object[], ITestResult&gt; into a @BeforeMethod annotated beforeMethod.
For more information on native dependency injection please refer to https://testng.org/doc/documentation-main.html#native-dependency-injection"
              >
<![CDATA[org.testng.TestNGException: 
Can inject only one of <ITestContext, XmlTest, Method, Object[], ITestResult> into a @BeforeMethod annotated beforeMethod.
For more information on native dependency injection please refer to https://testng.org/doc/documentation-main.html#native-dependency-injection
  org.testng.internal.Parameters.checkParameterTypes(Parameters.java:439)
  org.testng.internal.Parameters.createParametersForMethod(Parameters.java:353)
  org.testng.internal.Parameters.createParameters(Parameters.java:708)
  org.testng.internal.Parameters.createConfigurationParameters(Parameters.java:168)
  org.testng.internal.ConfigInvoker.invokeConfigurations(ConfigInvoker.java:302)
  org.testng.internal.TestInvoker.runConfigMethods(TestInvoker.java:700)
  org.testng.internal.TestInvoker.invokeMethod(TestInvoker.java:527)
  org.testng.internal.TestInvoker.invokeTestMethod(TestInvoker.java:173)
  org.testng.internal.MethodRunner.runInSequence(MethodRunner.java:46)
  org.testng.internal.TestInvoker$MethodInvocationAgent.invoke(TestInvoker.java:824)
  org.testng.internal.TestInvoker.invokeTestMethods(TestInvoker.java:146)
  org.testng.internal.TestMethodWorker.invokeTestMethods(TestMethodWorker.java:146)
  org.testng.internal.TestMethodWorker.run(TestMethodWorker.java:128)
  java.base/java.util.concurrent.ThreadPoolExecutor.runWorker(ThreadPoolExecutor.java:1128)
  java.base/java.util.concurrent.ThreadPoolExecutor$Worker.run(ThreadPoolExecutor.java:628)
  java.base/java.lang.Thread.run(Thread.java:834)
]]>
      </failure>

          </testcase>
  
            <testcase name="afterMethod" time="0.0" classname="Testcases_Package.TestCase_AboutUSPage">
          <skipped />
    </testcase>
            <testcase name="Testcase_GoToSauceSite" time="0.0" classname="Testcases_Package.TestCase_AboutUSPage">
          <skipped />
    </testcase>
  
  
</testsuite>
