<?xml version="1.0" encoding="UTF-8"?>
<!-- Generated by org.testng.reporters.JUnitXMLReporter -->
<testsuite ignored="0" hostname="NX00483" failures="1" tests="4" name="ChromeTest" time="34.235" errors="0" timestamp="2022-08-31T16:36:40 PKT">
  <testcase classname="Testcases_Package.ValidateLoginPage" name="TestcasetoVerifyLoginwith_CorrectUsernameandWrongPassword" time="0.412"/>
  <testcase classname="Testcases_Package.ValidateLoginPage" name="TestcasetoVerifyLoginwith_WrongUsernameandCorrectPassword" time="0.269">
    <failure type="java.lang.AssertionError" message="Passed expected [true] but found [false]">
      <![CDATA[java.lang.AssertionError: Passed expected [true] but found [false]
at Testcases_Package.ValidateLoginPage.TestcasetoVerifyLoginwith_WrongUsernameandCorrectPassword(ValidateLoginPage.java:68)
at java.base/java.util.ArrayList.forEach(ArrayList.java:1541)
at java.base/java.util.concurrent.FutureTask.run(FutureTask.java:264)
at java.base/java.util.concurrent.ThreadPoolExecutor.runWorker(ThreadPoolExecutor.java:1128)
at java.base/java.util.concurrent.ThreadPoolExecutor$Worker.run(ThreadPoolExecutor.java:628)
at java.base/java.lang.Thread.run(Thread.java:834)
... Removed 21 stack frames]]>
    </failure>
  </testcase> <!-- TestcasetoVerifyLoginwith_WrongUsernameandCorrectPassword -->
  <testcase classname="Testcases_Package.ValidateLoginPage" name="TestcasetoVerifyLoginwith_bothWrongUsernameandPassword" time="0.481"/>
  <testcase classname="Testcases_Package.ValidateLoginPage" name="TestcasetoVerifyLoginwithbothcorrectUsernameandPassword" time="1.161"/>
</testsuite> <!-- ChromeTest -->
